<?xml version="1.0" encoding="UTF-8"?>
<testsuites>
  <testsuite name="rspec" tests="10" skipped="0" failures="0" errors="0" time="15.5">
    <testcase classname="spec.models.user_spec" name="User validates presence of name" file="spec/models/user_spec.rb" time="2.5"/>
    <testcase classname="spec.models.user_spec" name="User validates uniqueness of email" file="spec/models/user_spec.rb" time="1.8"/>
    <testcase classname="spec.models.post_spec" name="Post belongs to user" file="spec/models/post_spec.rb" time="3.2"/>
    <testcase classname="spec.models.post_spec" name="Post has many comments" file="spec/models/post_spec.rb" time="2.1"/>
    <testcase classname="spec.controllers.users_controller_spec" name="GET index returns success" file="spec/controllers/users_controller_spec.rb" time="1.5"/>
    <testcase classname="spec.controllers.users_controller_spec" name="POST create creates user" file="spec/controllers/users_controller_spec.rb" time="0.8"/>
    <testcase classname="spec.controllers.posts_controller_spec" name="GET index returns posts" file="spec/controllers/posts_controller_spec.rb" time="1.9"/>
    <testcase classname="spec.services.auth_service_spec" name="AuthService authenticates user" file="spec/services/auth_service_spec.rb" time="0.7"/>
    <testcase classname="spec.helpers.application_helper_spec" name="ApplicationHelper formats date" file="spec/helpers/application_helper_spec.rb" time="0.5"/>
    <testcase classname="spec.helpers.application_helper_spec" name="ApplicationHelper sanitizes input" file="spec/helpers/application_helper_spec.rb" time="0.5"/>
  </testsuite>
</testsuites>
