<?xml version="1.0" encoding="UTF-8"?>
<testsuites>
  <testsuite name="rspec" tests="13" skipped="0" failures="0" errors="0" time="153.5">
    <testcase classname="spec.split_test_rb.dummy_001_spec" name="DummyTests001 sleeps for 1 seconds" file="spec/split_test_rb/dummy_001_spec.rb" time="1.0"/>
    <testcase classname="spec.split_test_rb.dummy_002_spec" name="DummyTests002 sleeps for 2 seconds" file="spec/split_test_rb/dummy_002_spec.rb" time="2.0"/>
    <testcase classname="spec.split_test_rb.dummy_003_spec" name="DummyTests003 sleeps for 3 seconds" file="spec/split_test_rb/dummy_003_spec.rb" time="3.0"/>
    <testcase classname="spec.split_test_rb.dummy_004_spec" name="DummyTests004 sleeps for 5 seconds" file="spec/split_test_rb/dummy_004_spec.rb" time="5.0"/>
    <testcase classname="spec.split_test_rb.dummy_005_spec" name="DummyTests005 sleeps for 10 seconds" file="spec/split_test_rb/dummy_005_spec.rb" time="10.0"/>
    <testcase classname="spec.split_test_rb.dummy_006_spec" name="DummyTests006 sleeps for 15 seconds" file="spec/split_test_rb/dummy_006_spec.rb" time="15.0"/>
    <testcase classname="spec.split_test_rb.dummy_007_spec" name="DummyTests007 sleeps for 20 seconds" file="spec/split_test_rb/dummy_007_spec.rb" time="20.0"/>
    <testcase classname="spec.split_test_rb.dummy_008_spec" name="DummyTests008 sleeps for 25 seconds" file="spec/split_test_rb/dummy_008_spec.rb" time="25.0"/>
    <testcase classname="spec.split_test_rb.dummy_009_spec" name="DummyTests009 sleeps for 30 seconds" file="spec/split_test_rb/dummy_009_spec.rb" time="30.0"/>
    <testcase classname="spec.split_test_rb.dummy_010_spec" name="DummyTests010 sleeps for 40 seconds" file="spec/split_test_rb/dummy_010_spec.rb" time="40.0"/>
    <testcase classname="spec.split_test_rb.balancer_spec" name="SplitTestRb::Balancer balances tests" file="spec/split_test_rb/balancer_spec.rb" time="0.5"/>
    <testcase classname="spec.split_test_rb.cli_spec" name="SplitTestRb::CLI runs successfully" file="spec/split_test_rb/cli_spec.rb" time="1.5"/>
    <testcase classname="spec.split_test_rb.junit_parser_spec" name="SplitTestRb::JunitParser parses XML" file="spec/split_test_rb/junit_parser_spec.rb" time="0.5"/>
  </testsuite>
</testsuites>
